2025-09-21 17:17:02 +0000  Initial pipeline context: <IDEDistributionProcessingPipelineContext: 0x33d1726d0; archive(resolved)="<IDEArchive: 0x6000932d9ab0>", distributionTask(resolved)="2", distributionDestination(resolved)="1", distributionMethod(resolved)="<IDEDistributionMethodiOSAppStoreDistribution: 0x60000585cea0>", team(resolved)="<IDEProvisioningDisambiguatableBasicTeam: 0x600004616fc0; teamID='D52BHXNX25', teamName='Hilyathul Wahid', teamType='Individual', username='hilyathulwahid@gmail.com', isFreeProvisioningTeam='0'>">
	Chain (16, self inclusive):
	<IDEDistributionProcessingPipelineContext: 0x33d1726d0; archive = "<IDEArchive: 0x6000932d9ab0>", distributionMethod="<IDEDistributionMethodiOSAppStoreDistribution: 0x60000585cea0>", team="<IDEProvisioningDisambiguatableBasicTeam: 0x600004616fc0; teamID='D52BHXNX25', teamName='Hilyathul Wahid', teamType='Individual', username='hilyathulwahid@gmail.com', isFreeProvisioningTeam='0'>">
	<IDEDistributionProcessingPipelineContext: 0x3421896d0; archive = "<IDEArchive: 0x6000932d9ab0>", distributionMethod="<IDEDistributionMethodiOSAppStoreDistribution: 0x60000585cea0>", team="<IDEProvisioningDisambiguatableBasicTeam: 0x600004616fc0; teamID='D52BHXNX25', teamName='Hilyathul Wahid', teamType='Individual', username='hilyathulwahid@gmail.com', isFreeProvisioningTeam='0'>">
	<IDEDistributionContext: 0x33a7ef650; archive = "<IDEArchive: 0x6000932d9ab0>", distributionMethod="<IDEDistributionMethodiOSAppStoreDistribution: 0x60000585cea0>", team="<IDEProvisioningDisambiguatableBasicTeam: 0x600004616fc0; teamID='D52BHXNX25', teamName='Hilyathul Wahid', teamType='Individual', username='hilyathulwahid@gmail.com', isFreeProvisioningTeam='0'>">
	<IDEDistributionContext: 0x328dee860; archive = "<IDEArchive: 0x6000932d9ab0>", distributionMethod="<IDEDistributionMethodiOSAppStoreDistribution: 0x60000585cea0>", team="<IDEProvisioningDisambiguatableBasicTeam: 0x600004616fc0; teamID='D52BHXNX25', teamName='Hilyathul Wahid', teamType='Individual', username='hilyathulwahid@gmail.com', isFreeProvisioningTeam='0'>">
	<IDEDistributionContext: 0x32bf4bb30; archive = "<IDEArchive: 0x6000932d9ab0>", distributionMethod="<IDEDistributionMethodiOSAppStoreDistribution: 0x60000585cea0>", team="<IDEProvisioningDisambiguatableBasicTeam: 0x600004616fc0; teamID='D52BHXNX25', teamName='Hilyathul Wahid', teamType='Individual', username='hilyathulwahid@gmail.com', isFreeProvisioningTeam='0'>">
	<IDEDistributionContext: 0x32bfcd150; archive = "<IDEArchive: 0x6000932d9ab0>", distributionMethod="<IDEDistributionMethodiOSAppStoreDistribution: 0x60000585cea0>", team="<IDEProvisioningDisambiguatableBasicTeam: 0x600004616fc0; teamID='D52BHXNX25', teamName='Hilyathul Wahid', teamType='Individual', username='hilyathulwahid@gmail.com', isFreeProvisioningTeam='0'>">
	<IDEDistributionContext: 0x328d985a0; archive = "<IDEArchive: 0x6000932d9ab0>", distributionMethod="<IDEDistributionMethodiOSAppStoreDistribution: 0x60000585cea0>", team="<IDEProvisioningDisambiguatableBasicTeam: 0x600004616fc0; teamID='D52BHXNX25', teamName='Hilyathul Wahid', teamType='Individual', username='hilyathulwahid@gmail.com', isFreeProvisioningTeam='0'>">
	<IDEDistributionContext: 0x328d6ee90; archive = "<IDEArchive: 0x6000932d9ab0>", distributionMethod="<IDEDistributionMethodiOSAppStoreDistribution: 0x60000585cea0>", team="<IDEProvisioningDisambiguatableBasicTeam: 0x600004616fc0; teamID='D52BHXNX25', teamName='Hilyathul Wahid', teamType='Individual', username='hilyathulwahid@gmail.com', isFreeProvisioningTeam='0'>">
	<IDEDistributionContext: 0x329dfe860; archive = "<IDEArchive: 0x6000932d9ab0>", distributionMethod="<IDEDistributionMethodiOSAppStoreDistribution: 0x60000585cea0>", team="<IDEProvisioningDisambiguatableBasicTeam: 0x600004616fc0; teamID='D52BHXNX25', teamName='Hilyathul Wahid', teamType='Individual', username='hilyathulwahid@gmail.com', isFreeProvisioningTeam='0'>">
	<IDEDistributionContext: 0x328def750; archive = "<IDEArchive: 0x6000932d9ab0>", distributionMethod="<IDEDistributionMethodiOSAppStoreDistribution: 0x60000585cea0>", team="<IDEProvisioningDisambiguatableBasicTeam: 0x600004616fc0; teamID='D52BHXNX25', teamName='Hilyathul Wahid', teamType='Individual', username='hilyathulwahid@gmail.com', isFreeProvisioningTeam='0'>">
	<IDEDistributionContext: 0x33a889800; archive = "<IDEArchive: 0x6000932d9ab0>", distributionMethod="<IDEDistributionMethodiOSAppStoreDistribution: 0x60000585cea0>", team="<IDEProvisioningDisambiguatableBasicTeam: 0x600004616fc0; teamID='D52BHXNX25', teamName='Hilyathul Wahid', teamType='Individual', username='hilyathulwahid@gmail.com', isFreeProvisioningTeam='0'>">
	<IDEDistributionContext: 0x30771eef0; archive = "<IDEArchive: 0x6000932d9ab0>", distributionMethod="<IDEDistributionMethodiOSAppStoreDistribution: 0x60000585cea0>", team="<IDEProvisioningDisambiguatableBasicTeam: 0x600004616fc0; teamID='D52BHXNX25', teamName='Hilyathul Wahid', teamType='Individual', username='hilyathulwahid@gmail.com', isFreeProvisioningTeam='0'>">
	<IDEDistributionContext: 0x328d5fe50; archive = "<IDEArchive: 0x6000932d9ab0>", distributionMethod="<IDEDistributionMethodiOSAppStoreDistribution: 0x60000585cea0>", team="(null)">
	<IDEDistributionContext: 0x33a8e2e70; archive = "<IDEArchive: 0x6000932d9ab0>", distributionMethod="<IDEDistributionMethodiOSAppStoreDistribution: 0x60000585cea0>", team="(null)">
	<IDEDistributionContext: 0x329dc99e0; archive = "<IDEArchive: 0x6000932d9ab0>", distributionMethod="(null)", team="(null)">
	<IDEDistributionContext: 0x328d5ad20; archive = "<IDEArchive: 0x6000932d9ab0>", distributionMethod="(null)", team="(null)">
</IDEDistributionProcessingPipelineContext: 0x33d1726d0>
2025-09-21 17:17:02 +0000  Processing step: IDEDistributionCreateDestRootStep
2025-09-21 17:17:02 +0000  Processing step: IDEDistributionCopyItemStep
2025-09-21 17:17:02 +0000  Running /usr/bin/ditto '-V' '/Users/hilmanzu/Library/Developer/Xcode/Archives/2025-09-22/beresmobile 22-09-25, 00.04.xcarchive/Products/Applications/beresmobile.app' '/var/folders/kz/3sf084j52mb1qz58bzjmwpf40000gn/T/XcodeDistPipeline.~~~3hBYYt/Root/Payload/beresmobile.app'
2025-09-21 17:17:02 +0000  >>> Copying /Users/hilmanzu/Library/Developer/Xcode/Archives/2025-09-22/beresmobile 22-09-25, 00.04.xcarchive/Products/Applications/beresmobile.app 
2025-09-21 17:17:02 +0000  copying file ./_CodeSignature/CodeResources ... 
2025-09-21 17:17:02 +0000  18201 bytes for ./_CodeSignature/CodeResources
2025-09-21 17:17:02 +0000  copying file ./Fontisto.ttf ... 
2025-09-21 17:17:02 +0000  313528 bytes for ./Fontisto.ttf
2025-09-21 17:17:02 +0000  copying file ./Octicons.ttf ... 
2025-09-21 17:17:02 +0000  49404 bytes for ./Octicons.ttf
2025-09-21 17:17:02 +0000  copying file ./Feather.ttf ... 
2025-09-21 17:17:02 +0000  56228 bytes for ./Feather.ttf
2025-09-21 17:17:02 +0000  copying file ./beresmobile ... 
2025-09-21 17:17:02 +0000  6747168 bytes for ./beresmobile
2025-09-21 17:17:02 +0000  copying file ./FontAwesome6_Regular.ttf ... 
67976 bytes for ./FontAwesome6_Regular.ttf
copying file ./Entypo.ttf ... 
2025-09-21 17:17:02 +0000  66200 bytes for ./Entypo.ttf
2025-09-21 17:17:02 +0000  copying file ./RNImagePickerPrivacyInfo.bundle/PrivacyInfo.xcprivacy ... 
2025-09-21 17:17:02 +0000  905 bytes for ./RNImagePickerPrivacyInfo.bundle/PrivacyInfo.xcprivacy
2025-09-21 17:17:02 +0000  copying file ./RNImagePickerPrivacyInfo.bundle/Info.plist ... 
2025-09-21 17:17:02 +0000  791 bytes for ./RNImagePickerPrivacyInfo.bundle/Info.plist
2025-09-21 17:17:02 +0000  copying file ./FontAwesome5_Brands.ttf ... 
2025-09-21 17:17:02 +0000  134040 bytes for ./FontAwesome5_Brands.ttf
2025-09-21 17:17:02 +0000  copying file ./MaterialCommunityIcons.ttf ... 
2025-09-21 17:17:02 +0000  1147844 bytes for ./MaterialCommunityIcons.ttf
2025-09-21 17:17:02 +0000  copying file ./glog_privacy.bundle/Info.plist ... 
2025-09-21 17:17:02 +0000  766 bytes for ./glog_privacy.bundle/Info.plist
2025-09-21 17:17:02 +0000  copying file ./AppIcon60x60@2x.png ... 
2025-09-21 17:17:02 +0000  10096 bytes for ./AppIcon60x60@2x.png
2025-09-21 17:17:02 +0000  copying file ./AntDesign.ttf ... 
2025-09-21 17:17:02 +0000  70344 bytes for ./AntDesign.ttf
2025-09-21 17:17:02 +0000  copying file ./Foundation.ttf ... 
2025-09-21 17:17:02 +0000  56976 bytes for ./Foundation.ttf
2025-09-21 17:17:02 +0000  copying file ./Ionicons.ttf ... 
2025-09-21 17:17:02 +0000  442604 bytes for ./Ionicons.ttf
2025-09-21 17:17:02 +0000  copying file ./FontAwesome5_Solid.ttf ... 
2025-09-21 17:17:02 +0000  202744 bytes for ./FontAwesome5_Solid.ttf
2025-09-21 17:17:02 +0000  copying file ./FontAwesome5_Regular.ttf ... 
2025-09-21 17:17:02 +0000  33736 bytes for ./FontAwesome5_Regular.ttf
2025-09-21 17:17:02 +0000  copying file ./React-cxxreact_privacy.bundle/PrivacyInfo.xcprivacy ... 
2025-09-21 17:17:02 +0000  552 bytes for ./React-cxxreact_privacy.bundle/PrivacyInfo.xcprivacy
2025-09-21 17:17:02 +0000  copying file ./React-cxxreact_privacy.bundle/Info.plist ... 
2025-09-21 17:17:02 +0000  789 bytes for ./React-cxxreact_privacy.bundle/Info.plist
2025-09-21 17:17:02 +0000  copying file ./FontAwesome.ttf ... 
2025-09-21 17:17:02 +0000  165548 bytes for ./FontAwesome.ttf
2025-09-21 17:17:02 +0000  copying file ./Zocial.ttf ... 
2025-09-21 17:17:02 +0000  25788 bytes for ./Zocial.ttf
2025-09-21 17:17:02 +0000  copying file ./RCT-Folly_privacy.bundle/Info.plist ... 
2025-09-21 17:17:02 +0000  783 bytes for ./RCT-Folly_privacy.bundle/Info.plist
2025-09-21 17:17:02 +0000  copying file ./RNPermissionsPrivacyInfo.bundle/PrivacyInfo.xcprivacy ... 
2025-09-21 17:17:02 +0000  598 bytes for ./RNPermissionsPrivacyInfo.bundle/PrivacyInfo.xcprivacy
2025-09-21 17:17:02 +0000  copying file ./RNPermissionsPrivacyInfo.bundle/Info.plist ... 
2025-09-21 17:17:02 +0000  792 bytes for ./RNPermissionsPrivacyInfo.bundle/Info.plist
2025-09-21 17:17:02 +0000  copying file ./Assets.car ... 
2025-09-21 17:17:02 +0000  406991 bytes for ./Assets.car
2025-09-21 17:17:02 +0000  copying file ./EvilIcons.ttf ... 
2025-09-21 17:17:02 +0000  13456 bytes for ./EvilIcons.ttf
2025-09-21 17:17:02 +0000  copying file ./AppIcon76x76@2x~ipad.png ... 
2025-09-21 17:17:02 +0000  14749 bytes for ./AppIcon76x76@2x~ipad.png
2025-09-21 17:17:02 +0000  copying file ./main.jsbundle ... 
2025-09-21 17:17:02 +0000  4687019 bytes for ./main.jsbundle
2025-09-21 17:17:02 +0000  copying file ./FontAwesome6_Solid.ttf ... 
2025-09-21 17:17:02 +0000  423676 bytes for ./FontAwesome6_Solid.ttf
2025-09-21 17:17:02 +0000  copying file ./PrivacyInfo.xcprivacy ... 
2025-09-21 17:17:02 +0000  418 bytes for ./PrivacyInfo.xcprivacy
2025-09-21 17:17:02 +0000  copying file ./LaunchScreen.storyboardc/01J-lp-oVM-view-Ze5-6b-2t3.nib ... 
2025-09-21 17:17:02 +0000  3819 bytes for ./LaunchScreen.storyboardc/01J-lp-oVM-view-Ze5-6b-2t3.nib
2025-09-21 17:17:02 +0000  copying file ./LaunchScreen.storyboardc/UIViewController-01J-lp-oVM.nib ... 
2025-09-21 17:17:02 +0000  924 bytes for ./LaunchScreen.storyboardc/UIViewController-01J-lp-oVM.nib
2025-09-21 17:17:02 +0000  copying file ./LaunchScreen.storyboardc/Info.plist ... 
2025-09-21 17:17:02 +0000  258 bytes for ./LaunchScreen.storyboardc/Info.plist
2025-09-21 17:17:02 +0000  copying file ./RNSVGFilters.bundle/RNSVGArithmeticFilter.iphoneos.metallib ... 
2025-09-21 17:17:02 +0000  3993 bytes for ./RNSVGFilters.bundle/RNSVGArithmeticFilter.iphoneos.metallib
2025-09-21 17:17:02 +0000  copying file ./RNSVGFilters.bundle/RNSVGCompositeXor.iphoneos.metallib ... 
2025-09-21 17:17:02 +0000  3509 bytes for ./RNSVGFilters.bundle/RNSVGCompositeXor.iphoneos.metallib
2025-09-21 17:17:02 +0000  copying file ./RNSVGFilters.bundle/Info.plist ... 
2025-09-21 17:17:02 +0000  768 bytes for ./RNSVGFilters.bundle/Info.plist
2025-09-21 17:17:02 +0000  copying file ./boost_privacy.bundle/Info.plist ... 
2025-09-21 17:17:02 +0000  769 bytes for ./boost_privacy.bundle/Info.plist
2025-09-21 17:17:02 +0000  copying file ./Frameworks/hermes.framework/_CodeSignature/CodeResources ... 
2025-09-21 17:17:02 +0000  1798 bytes for ./Frameworks/hermes.framework/_CodeSignature/CodeResources
2025-09-21 17:17:02 +0000  copying file ./Frameworks/hermes.framework/hermes ... 
2025-09-21 17:17:02 +0000  4755632 bytes for ./Frameworks/hermes.framework/hermes
2025-09-21 17:17:02 +0000  copying file ./Frameworks/hermes.framework/Info.plist ... 
859 bytes for ./Frameworks/hermes.framework/Info.plist
copying file ./SimpleLineIcons.ttf ... 
2025-09-21 17:17:02 +0000  54056 bytes for ./SimpleLineIcons.ttf
2025-09-21 17:17:02 +0000  copying file ./FontAwesome6_Brands.ttf ... 
2025-09-21 17:17:02 +0000  209376 bytes for ./FontAwesome6_Brands.ttf
2025-09-21 17:17:02 +0000  copying file ./embedded.mobileprovision ... 
2025-09-21 17:17:02 +0000  12349 bytes for ./embedded.mobileprovision
2025-09-21 17:17:02 +0000  copying file ./assets/node_modules/@react-navigation/elements/lib/module/assets/back-icon@3x.png ... 
2025-09-21 17:17:02 +0000  761 bytes for ./assets/node_modules/@react-navigation/elements/lib/module/assets/back-icon@3x.png
2025-09-21 17:17:02 +0000  copying file ./assets/node_modules/@react-navigation/elements/lib/module/assets/back-icon@2x.png ... 
2025-09-21 17:17:02 +0000  405 bytes for ./assets/node_modules/@react-navigation/elements/lib/module/assets/back-icon@2x.png
2025-09-21 17:17:02 +0000  copying file ./assets/node_modules/@react-navigation/elements/lib/module/assets/search-icon@2x.png ... 
2025-09-21 17:17:02 +0000  589 bytes for ./assets/node_modules/@react-navigation/elements/lib/module/assets/search-icon@2x.png
2025-09-21 17:17:02 +0000  copying file ./assets/node_modules/@react-navigation/elements/lib/module/assets/clear-icon@3x.png ... 
2025-09-21 17:17:02 +0000  502 bytes for ./assets/node_modules/@react-navigation/elements/lib/module/assets/clear-icon@3x.png
2025-09-21 17:17:02 +0000  copying file ./assets/node_modules/@react-navigation/elements/lib/module/assets/back-icon.png ... 
2025-09-21 17:17:02 +0000  290 bytes for ./assets/node_modules/@react-navigation/elements/lib/module/assets/back-icon.png
2025-09-21 17:17:02 +0000  copying file ./assets/node_modules/@react-navigation/elements/lib/module/assets/clear-icon@2x.png ... 
2025-09-21 17:17:02 +0000  334 bytes for ./assets/node_modules/@react-navigation/elements/lib/module/assets/clear-icon@2x.png
2025-09-21 17:17:02 +0000  copying file ./assets/node_modules/@react-navigation/elements/lib/module/assets/search-icon@3x.png ... 
2025-09-21 17:17:02 +0000  839 bytes for ./assets/node_modules/@react-navigation/elements/lib/module/assets/search-icon@3x.png
2025-09-21 17:17:02 +0000  copying file ./assets/node_modules/@react-navigation/elements/lib/module/assets/close-icon.png ... 
2025-09-21 17:17:02 +0000  141 bytes for ./assets/node_modules/@react-navigation/elements/lib/module/assets/close-icon.png
2025-09-21 17:17:02 +0000  copying file ./assets/node_modules/@react-navigation/elements/lib/module/assets/back-icon-mask.png ... 
2025-09-21 17:17:02 +0000  653 bytes for ./assets/node_modules/@react-navigation/elements/lib/module/assets/back-icon-mask.png
2025-09-21 17:17:02 +0000  copying file ./assets/node_modules/@react-navigation/elements/lib/module/assets/close-icon@2x.png ... 
2025-09-21 17:17:02 +0000  201 bytes for ./assets/node_modules/@react-navigation/elements/lib/module/assets/close-icon@2x.png
2025-09-21 17:17:02 +0000  copying file ./assets/node_modules/@react-navigation/elements/lib/module/assets/close-icon@3x.png ... 
2025-09-21 17:17:02 +0000  266 bytes for ./assets/node_modules/@react-navigation/elements/lib/module/assets/close-icon@3x.png
2025-09-21 17:17:02 +0000  copying file ./assets/node_modules/@react-navigation/elements/lib/module/assets/clear-icon.png ... 
2025-09-21 17:17:02 +0000  220 bytes for ./assets/node_modules/@react-navigation/elements/lib/module/assets/clear-icon.png
2025-09-21 17:17:02 +0000  copying file ./assets/node_modules/@react-navigation/elements/lib/module/assets/search-icon.png ... 
2025-09-21 17:17:02 +0000  317 bytes for ./assets/node_modules/@react-navigation/elements/lib/module/assets/search-icon.png
2025-09-21 17:17:02 +0000  copying file ./assets/src/assets/logo.png ... 
2025-09-21 17:17:02 +0000  122159 bytes for ./assets/src/assets/logo.png
2025-09-21 17:17:02 +0000  copying file ./Info.plist ... 
2025-09-21 17:17:02 +0000  2015 bytes for ./Info.plist
2025-09-21 17:17:02 +0000  copying file ./RNCAsyncStorage_resources.bundle/PrivacyInfo.xcprivacy ... 
2025-09-21 17:17:02 +0000  512 bytes for ./RNCAsyncStorage_resources.bundle/PrivacyInfo.xcprivacy
2025-09-21 17:17:02 +0000  copying file ./RNCAsyncStorage_resources.bundle/Info.plist ... 
2025-09-21 17:17:02 +0000  794 bytes for ./RNCAsyncStorage_resources.bundle/Info.plist
2025-09-21 17:17:02 +0000  copying file ./PkgInfo ... 
2025-09-21 17:17:02 +0000  8 bytes for ./PkgInfo
2025-09-21 17:17:02 +0000  copying file ./MaterialIcons.ttf ... 
2025-09-21 17:17:03 +0000  356840 bytes for ./MaterialIcons.ttf
2025-09-21 17:17:03 +0000  copying file ./React-Core_privacy.bundle/PrivacyInfo.xcprivacy ... 
2025-09-21 17:17:03 +0000  768 bytes for ./React-Core_privacy.bundle/PrivacyInfo.xcprivacy
2025-09-21 17:17:03 +0000  copying file ./React-Core_privacy.bundle/Info.plist ... 
2025-09-21 17:17:03 +0000  781 bytes for ./React-Core_privacy.bundle/Info.plist
2025-09-21 17:17:03 +0000  /usr/bin/ditto exited with 0
2025-09-21 17:17:03 +0000  Processing step: IDEDistributionEmbedProfileStep
2025-09-21 17:17:03 +0000  Skipping profile for item: <IDEDistributionItem: 0x60009f04afa0; bundleID='dev.hermesengine.iphoneos', path='<DVTFilePath:0x6000a32b0070:'/Users/hilmanzu/Library/Developer/Xcode/Archives/2025-09-22/beresmobile 22-09-25, 00.04.xcarchive/Products/Applications/beresmobile.app/Frameworks/hermes.framework'>', codeSigningInfo='<_DVTCodeSigningInformation_Path: 0x60009fe24540; isSigned='1', isAdHocSigned='0', signingCertificate='<DVTSigningCertificate: 0x600026fb1740; name='Apple Development: hilyathulwahid@gmail.com (YXZA656ZUV)', hash='B2838CC76AEAC90CCB3CBD3A35D00DD89D13BD3A', serialNumber='2D5AC6979D2826FA60332051A79E6BE3', certificateKinds='(
    "1.2.840.113635.100.6.1.12",
    "1.2.840.113635.100.6.1.2"
), issueDate='2025-09-12 03:06:02 +0000''>', entitlements='(null)', teamID='D52BHXNX25', identifier='dev.hermesengine.iphoneos', executablePath='<DVTFilePath:0x60009f09f180:'/Users/hilmanzu/Library/Developer/Xcode/Archives/2025-09-22/beresmobile 22-09-25, 00.04.xcarchive/Products/Applications/beresmobile.app/Frameworks/hermes.framework/hermes'>', hardenedRuntime='0'>'>
2025-09-21 17:17:03 +0000  Processing step: IDEDistributionInfoPlistStep
2025-09-21 17:17:03 +0000  Skipping Info.plist step because item: <IDEDistributionItem: 0x60009f04afa0; bundleID='dev.hermesengine.iphoneos', path='<DVTFilePath:0x6000a32b0070:'/Users/hilmanzu/Library/Developer/Xcode/Archives/2025-09-22/beresmobile 22-09-25, 00.04.xcarchive/Products/Applications/beresmobile.app/Frameworks/hermes.framework'>', codeSigningInfo='<_DVTCodeSigningInformation_Path: 0x60009fe24540; isSigned='1', isAdHocSigned='0', signingCertificate='<DVTSigningCertificate: 0x600026fb1740; name='Apple Development: hilyathulwahid@gmail.com (YXZA656ZUV)', hash='B2838CC76AEAC90CCB3CBD3A35D00DD89D13BD3A', serialNumber='2D5AC6979D2826FA60332051A79E6BE3', certificateKinds='(
    "1.2.840.113635.100.6.1.12",
    "1.2.840.113635.100.6.1.2"
), issueDate='2025-09-12 03:06:02 +0000''>', entitlements='(null)', teamID='D52BHXNX25', identifier='dev.hermesengine.iphoneos', executablePath='<DVTFilePath:0x60009f09f180:'/Users/hilmanzu/Library/Developer/Xcode/Archives/2025-09-22/beresmobile 22-09-25, 00.04.xcarchive/Products/Applications/beresmobile.app/Frameworks/hermes.framework/hermes'>', hardenedRuntime='0'>'> is a framework or embedded in a framework.
2025-09-21 17:17:03 +0000  Skipping setting DTXcodeBuildDistribution because toolsBuildVersionName was nil.
2025-09-21 17:17:03 +0000  Processing step: IDEDistributionItemRemovalStep
2025-09-21 17:17:03 +0000  Processing step: IDEDistributionAppThinningPlistStep
2025-09-21 17:17:03 +0000  Skipping step: IDEDistributionAppThinningPlistStep because it said so
2025-09-21 17:17:03 +0000  Processing step: IDEDistributionSymbolsStep
2025-09-21 17:17:03 +0000  Writing /var/folders/kz/3sf084j52mb1qz58bzjmwpf40000gn/T/XcodeDistPipeline.~~~3hBYYt/Symbols/21777333-EB30-30DB-A2F0-07625FF591A5.symbols
2025-09-21 17:17:03 +0000  Upload Symbols Failed
2025-09-21 17:17:03 +0000  Processing step: IDEDistributionCopyAppleProvidedContentStep
2025-09-21 17:17:03 +0000  Processing step: IDEDistributionAppThinningStep
2025-09-21 17:17:03 +0000  Skipping step: IDEDistributionAppThinningStep because it said so
2025-09-21 17:17:03 +0000  Processing step: IDEDistributionArchThinningStep
2025-09-21 17:17:03 +0000  Item /Users/hilmanzu/Library/Developer/Xcode/Archives/2025-09-22/beresmobile 22-09-25, 00.04.xcarchive/Products/Applications/beresmobile.app/Frameworks/hermes.framework doesn't have the entitlement com.apple.developer.web-browser-engine.host enabled, returning ["arm64e"]
2025-09-21 17:17:03 +0000  Archs to thin for item /Users/hilmanzu/Library/Developer/Xcode/Archives/2025-09-22/beresmobile 22-09-25, 00.04.xcarchive/Products/Applications/beresmobile.app/Frameworks/hermes.framework are ["arm64e"]
2025-09-21 17:17:03 +0000  Running /Applications/Xcode.app/Contents/Developer/Toolchains/XcodeDefault.xctoolchain/usr/bin/lipo '/var/folders/kz/3sf084j52mb1qz58bzjmwpf40000gn/T/XcodeDistPipeline.~~~3hBYYt/Root/Payload/beresmobile.app/Frameworks/hermes.framework/hermes' '-verify_arch' 'arm64e'
2025-09-21 17:17:03 +0000  /Applications/Xcode.app/Contents/Developer/Toolchains/XcodeDefault.xctoolchain/usr/bin/lipo exited with 1
2025-09-21 17:17:03 +0000  Skipping architecture thinning for item "hermes" because arch "arm64e" wasn't found
2025-09-21 17:17:03 +0000  Item /Users/hilmanzu/Library/Developer/Xcode/Archives/2025-09-22/beresmobile 22-09-25, 00.04.xcarchive/Products/Applications/beresmobile.app doesn't have the entitlement com.apple.developer.web-browser-engine.host enabled, returning ["arm64e"]
2025-09-21 17:17:03 +0000  Archs to thin for item /Users/hilmanzu/Library/Developer/Xcode/Archives/2025-09-22/beresmobile 22-09-25, 00.04.xcarchive/Products/Applications/beresmobile.app are ["arm64e"]
2025-09-21 17:17:03 +0000  Running /Applications/Xcode.app/Contents/Developer/Toolchains/XcodeDefault.xctoolchain/usr/bin/lipo '/var/folders/kz/3sf084j52mb1qz58bzjmwpf40000gn/T/XcodeDistPipeline.~~~3hBYYt/Root/Payload/beresmobile.app/beresmobile' '-verify_arch' 'arm64e'
2025-09-21 17:17:03 +0000  /Applications/Xcode.app/Contents/Developer/Toolchains/XcodeDefault.xctoolchain/usr/bin/lipo exited with 1
2025-09-21 17:17:03 +0000  Skipping architecture thinning for item "beresmobile" because arch "arm64e" wasn't found
2025-09-21 17:17:03 +0000  Processing step: IDEDistributionODRStep
2025-09-21 17:17:03 +0000  Processing step: IDEDistributionStripXattrsStep
2025-09-21 17:17:03 +0000  Skipping stripping extended attributes because the codesign step will strip them.
2025-09-21 17:17:03 +0000  Skipping stripping extended attributes because the codesign step will strip them.
2025-09-21 17:17:03 +0000  Processing step: IDEDistributionCodesignStep
2025-09-21 17:17:03 +0000  Entitlements for <IDEDistributionItem: 0x60009f04afa0; bundleID='dev.hermesengine.iphoneos', path='<DVTFilePath:0x6000a32b0070:'/Users/hilmanzu/Library/Developer/Xcode/Archives/2025-09-22/beresmobile 22-09-25, 00.04.xcarchive/Products/Applications/beresmobile.app/Frameworks/hermes.framework'>', codeSigningInfo='<_DVTCodeSigningInformation_Path: 0x60009fe24540; isSigned='1', isAdHocSigned='0', signingCertificate='<DVTSigningCertificate: 0x600026f82040; name='Apple Development: hilyathulwahid@gmail.com (YXZA656ZUV)', hash='B2838CC76AEAC90CCB3CBD3A35D00DD89D13BD3A', serialNumber='2D5AC6979D2826FA60332051A79E6BE3', certificateKinds='(
    "1.2.840.113635.100.6.1.12",
    "1.2.840.113635.100.6.1.2"
), issueDate='2025-09-12 03:06:02 +0000''>', entitlements='(null)', teamID='D52BHXNX25', identifier='dev.hermesengine.iphoneos', executablePath='<DVTFilePath:0x60009f09f180:'/Users/hilmanzu/Library/Developer/Xcode/Archives/2025-09-22/beresmobile 22-09-25, 00.04.xcarchive/Products/Applications/beresmobile.app/Frameworks/hermes.framework/hermes'>', hardenedRuntime='0'>'>: {
}
2025-09-21 17:17:03 +0000  Associated App Clip Identifiers Filter: Skipping because "com.apple.developer.associated-appclip-app-identifiers" is not present
2025-09-21 17:17:03 +0000  Entitlements for <IDEDistributionItem: 0x60009f04afa0; bundleID='dev.hermesengine.iphoneos', path='<DVTFilePath:0x6000a32b0070:'/Users/hilmanzu/Library/Developer/Xcode/Archives/2025-09-22/beresmobile 22-09-25, 00.04.xcarchive/Products/Applications/beresmobile.app/Frameworks/hermes.framework'>', codeSigningInfo='<_DVTCodeSigningInformation_Path: 0x60009fe24540; isSigned='1', isAdHocSigned='0', signingCertificate='<DVTSigningCertificate: 0x600026f82040; name='Apple Development: hilyathulwahid@gmail.com (YXZA656ZUV)', hash='B2838CC76AEAC90CCB3CBD3A35D00DD89D13BD3A', serialNumber='2D5AC6979D2826FA60332051A79E6BE3', certificateKinds='(
    "1.2.840.113635.100.6.1.12",
    "1.2.840.113635.100.6.1.2"
), issueDate='2025-09-12 03:06:02 +0000''>', entitlements='(null)', teamID='D52BHXNX25', identifier='dev.hermesengine.iphoneos', executablePath='<DVTFilePath:0x60009f09f180:'/Users/hilmanzu/Library/Developer/Xcode/Archives/2025-09-22/beresmobile 22-09-25, 00.04.xcarchive/Products/Applications/beresmobile.app/Frameworks/hermes.framework/hermes'>', hardenedRuntime='0'>'> are: {
}
2025-09-21 17:17:03 +0000  Writing entitlements for <IDEDistributionItem: 0x60009f04afa0; bundleID='dev.hermesengine.iphoneos', path='<DVTFilePath:0x6000a32b0070:'/Users/hilmanzu/Library/Developer/Xcode/Archives/2025-09-22/beresmobile 22-09-25, 00.04.xcarchive/Products/Applications/beresmobile.app/Frameworks/hermes.framework'>', codeSigningInfo='<_DVTCodeSigningInformation_Path: 0x60009fe24540; isSigned='1', isAdHocSigned='0', signingCertificate='<DVTSigningCertificate: 0x600026f82040; name='Apple Development: hilyathulwahid@gmail.com (YXZA656ZUV)', hash='B2838CC76AEAC90CCB3CBD3A35D00DD89D13BD3A', serialNumber='2D5AC6979D2826FA60332051A79E6BE3', certificateKinds='(
    "1.2.840.113635.100.6.1.12",
    "1.2.840.113635.100.6.1.2"
), issueDate='2025-09-12 03:06:02 +0000''>', entitlements='(null)', teamID='D52BHXNX25', identifier='dev.hermesengine.iphoneos', executablePath='<DVTFilePath:0x60009f09f180:'/Users/hilmanzu/Library/Developer/Xcode/Archives/2025-09-22/beresmobile 22-09-25, 00.04.xcarchive/Products/Applications/beresmobile.app/Frameworks/hermes.framework/hermes'>', hardenedRuntime='0'>'> to: /var/folders/kz/3sf084j52mb1qz58bzjmwpf40000gn/T/XcodeDistPipeline.~~~3hBYYt/entitlements~~~w6X9kF
2025-09-21 17:17:03 +0000  invoking codesign: <NSConcreteTask: 0x60002fb3ad50; launchPath='/usr/bin/codesign', arguments='(
    "-f",
    "-s",
    E55C370DA79DB6F280FCB74BC8AEB74CB2EAAD31,
    "--entitlements",
    "/var/folders/kz/3sf084j52mb1qz58bzjmwpf40000gn/T/XcodeDistPipeline.~~~3hBYYt/entitlements~~~w6X9kF",
    "--preserve-metadata=identifier,flags,runtime",
    "--generate-entitlement-der",
    "--strip-disallowed-xattrs",
    "-vvv",
    "/var/folders/kz/3sf084j52mb1qz58bzjmwpf40000gn/T/XcodeDistPipeline.~~~3hBYYt/Root/Payload/beresmobile.app/Frameworks/hermes.framework"
)'>
2025-09-21 17:17:03 +0000  codesign output: /var/folders/kz/3sf084j52mb1qz58bzjmwpf40000gn/T/XcodeDistPipeline.~~~3hBYYt/Root/Payload/beresmobile.app/Frameworks/hermes.framework: replacing existing signature
/var/folders/kz/3sf084j52mb1qz58bzjmwpf40000gn/T/XcodeDistPipeline.~~~3hBYYt/Root/Payload/beresmobile.app/Frameworks/hermes.framework: signed bundle with Mach-O thin (arm64) [dev.hermesengine.iphoneos]
2025-09-21 17:17:03 +0000  Entitlements for <IDEDistributionItem: 0x60009fe27480; bundleID='com.beresapp.patunganproperty', path='<DVTFilePath:0x60009ff9d320:'/Users/hilmanzu/Library/Developer/Xcode/Archives/2025-09-22/beresmobile 22-09-25, 00.04.xcarchive/Products/Applications/beresmobile.app'>', codeSigningInfo='<_DVTCodeSigningInformation_Path: 0x60009f04b060; isSigned='1', isAdHocSigned='0', signingCertificate='<DVTSigningCertificate: 0x600026f83480; name='Apple Development: hilyathulwahid@gmail.com (YXZA656ZUV)', hash='B2838CC76AEAC90CCB3CBD3A35D00DD89D13BD3A', serialNumber='2D5AC6979D2826FA60332051A79E6BE3', certificateKinds='(
    "1.2.840.113635.100.6.1.12",
    "1.2.840.113635.100.6.1.2"
), issueDate='2025-09-12 03:06:02 +0000''>', entitlements='{
    "application-identifier" = "D52BHXNX25.com.beresapp.patunganproperty";
    "com.apple.developer.team-identifier" = D52BHXNX25;
    "get-task-allow" = 1;
}', teamID='D52BHXNX25', identifier='com.beresapp.patunganproperty', executablePath='<DVTFilePath:0x60009ffb3060:'/Users/hilmanzu/Library/Developer/Xcode/Archives/2025-09-22/beresmobile 22-09-25, 00.04.xcarchive/Products/Applications/beresmobile.app/beresmobile'>', hardenedRuntime='0'>'>: {
    "application-identifier" = "D52BHXNX25.com.beresapp.patunganproperty";
    "beta-reports-active" = 1;
    "com.apple.developer.team-identifier" = D52BHXNX25;
    "get-task-allow" = 0;
}
2025-09-21 17:17:03 +0000  Associated App Clip Identifiers Filter: Skipping because "com.apple.developer.associated-appclip-app-identifiers" is not present
2025-09-21 17:17:03 +0000  Entitlements for <IDEDistributionItem: 0x60009fe27480; bundleID='com.beresapp.patunganproperty', path='<DVTFilePath:0x60009ff9d320:'/Users/hilmanzu/Library/Developer/Xcode/Archives/2025-09-22/beresmobile 22-09-25, 00.04.xcarchive/Products/Applications/beresmobile.app'>', codeSigningInfo='<_DVTCodeSigningInformation_Path: 0x60009f04b060; isSigned='1', isAdHocSigned='0', signingCertificate='<DVTSigningCertificate: 0x600026fba1c0; name='Apple Development: hilyathulwahid@gmail.com (YXZA656ZUV)', hash='B2838CC76AEAC90CCB3CBD3A35D00DD89D13BD3A', serialNumber='2D5AC6979D2826FA60332051A79E6BE3', certificateKinds='(
    "1.2.840.113635.100.6.1.12",
    "1.2.840.113635.100.6.1.2"
), issueDate='2025-09-12 03:06:02 +0000''>', entitlements='{
    "application-identifier" = "D52BHXNX25.com.beresapp.patunganproperty";
    "com.apple.developer.team-identifier" = D52BHXNX25;
    "get-task-allow" = 1;
}', teamID='D52BHXNX25', identifier='com.beresapp.patunganproperty', executablePath='<DVTFilePath:0x60009ffb3060:'/Users/hilmanzu/Library/Developer/Xcode/Archives/2025-09-22/beresmobile 22-09-25, 00.04.xcarchive/Products/Applications/beresmobile.app/beresmobile'>', hardenedRuntime='0'>'> are: {
    "application-identifier" = "D52BHXNX25.com.beresapp.patunganproperty";
    "beta-reports-active" = 1;
    "com.apple.developer.team-identifier" = D52BHXNX25;
    "get-task-allow" = 0;
}
2025-09-21 17:17:03 +0000  Writing entitlements for <IDEDistributionItem: 0x60009fe27480; bundleID='com.beresapp.patunganproperty', path='<DVTFilePath:0x60009ff9d320:'/Users/hilmanzu/Library/Developer/Xcode/Archives/2025-09-22/beresmobile 22-09-25, 00.04.xcarchive/Products/Applications/beresmobile.app'>', codeSigningInfo='<_DVTCodeSigningInformation_Path: 0x60009f04b060; isSigned='1', isAdHocSigned='0', signingCertificate='<DVTSigningCertificate: 0x600026fba1c0; name='Apple Development: hilyathulwahid@gmail.com (YXZA656ZUV)', hash='B2838CC76AEAC90CCB3CBD3A35D00DD89D13BD3A', serialNumber='2D5AC6979D2826FA60332051A79E6BE3', certificateKinds='(
    "1.2.840.113635.100.6.1.12",
    "1.2.840.113635.100.6.1.2"
), issueDate='2025-09-12 03:06:02 +0000''>', entitlements='{
    "application-identifier" = "D52BHXNX25.com.beresapp.patunganproperty";
    "com.apple.developer.team-identifier" = D52BHXNX25;
    "get-task-allow" = 1;
}', teamID='D52BHXNX25', identifier='com.beresapp.patunganproperty', executablePath='<DVTFilePath:0x60009ffb3060:'/Users/hilmanzu/Library/Developer/Xcode/Archives/2025-09-22/beresmobile 22-09-25, 00.04.xcarchive/Products/Applications/beresmobile.app/beresmobile'>', hardenedRuntime='0'>'> to: /var/folders/kz/3sf084j52mb1qz58bzjmwpf40000gn/T/XcodeDistPipeline.~~~3hBYYt/entitlements~~~ooyHGb
2025-09-21 17:17:03 +0000  invoking codesign: <NSConcreteTask: 0x60002fb3bc50; launchPath='/usr/bin/codesign', arguments='(
    "-f",
    "-s",
    E55C370DA79DB6F280FCB74BC8AEB74CB2EAAD31,
    "--entitlements",
    "/var/folders/kz/3sf084j52mb1qz58bzjmwpf40000gn/T/XcodeDistPipeline.~~~3hBYYt/entitlements~~~ooyHGb",
    "--preserve-metadata=identifier,flags,runtime",
    "--generate-entitlement-der",
    "--strip-disallowed-xattrs",
    "-vvv",
    "/var/folders/kz/3sf084j52mb1qz58bzjmwpf40000gn/T/XcodeDistPipeline.~~~3hBYYt/Root/Payload/beresmobile.app"
)'>
2025-09-21 17:17:03 +0000  codesign output: /var/folders/kz/3sf084j52mb1qz58bzjmwpf40000gn/T/XcodeDistPipeline.~~~3hBYYt/Root/Payload/beresmobile.app: replacing existing signature
/var/folders/kz/3sf084j52mb1qz58bzjmwpf40000gn/T/XcodeDistPipeline.~~~3hBYYt/Root/Payload/beresmobile.app: signed app bundle with Mach-O thin (arm64) [com.beresapp.patunganproperty]
2025-09-21 17:17:03 +0000  Processing step: IDEDistributionZipODRItemStep
2025-09-21 17:17:03 +0000  Skipping step: IDEDistributionZipODRItemStep because it said so
2025-09-21 17:17:03 +0000  Skipping step: IDEDistributionZipODRItemStep because it said so
2025-09-21 17:17:03 +0000  Processing step: IDEDistributionCreateIPAStep
2025-09-21 17:17:03 +0000  Running /usr/bin/rsync '-8aPhhE' '/var/folders/kz/3sf084j52mb1qz58bzjmwpf40000gn/T/XcodeDistPipeline.~~~3hBYYt/Symbols' '--link-dest' '/var/folders/kz/3sf084j52mb1qz58bzjmwpf40000gn/T/XcodeDistPipeline.~~~3hBYYt' '/var/folders/kz/3sf084j52mb1qz58bzjmwpf40000gn/T/XcodeDistPipeline.~~~3hBYYt/Root'
2025-09-21 17:17:03 +0000  Symbols/
Symbols/21777333-EB30-30DB-A2F0-07625FF591A5.symbols
2025-09-21 17:17:03 +0000  /usr/bin/rsync exited with 0
2025-09-21 17:17:03 +0000  Running /usr/bin/ditto '-V' '-c' '-k' '--norsrc' '/var/folders/kz/3sf084j52mb1qz58bzjmwpf40000gn/T/XcodeDistPipeline.~~~3hBYYt/Root' '/var/folders/kz/3sf084j52mb1qz58bzjmwpf40000gn/T/XcodeDistPipeline.~~~3hBYYt/Packages/beresmobile.ipa'
2025-09-21 17:17:03 +0000  >>> Copying /var/folders/kz/3sf084j52mb1qz58bzjmwpf40000gn/T/XcodeDistPipeline.~~~3hBYYt/Root 
2025-09-21 17:17:03 +0000  copying file ./Payload/beresmobile.app/_CodeSignature/CodeResources ... 
2025-09-21 17:17:03 +0000  18201 bytes for ./Payload/beresmobile.app/_CodeSignature/CodeResources
2025-09-21 17:17:03 +0000  copying file ./Payload/beresmobile.app/Fontisto.ttf ... 
2025-09-21 17:17:03 +0000  313528 bytes for ./Payload/beresmobile.app/Fontisto.ttf
2025-09-21 17:17:03 +0000  copying file ./Payload/beresmobile.app/Octicons.ttf ... 
2025-09-21 17:17:03 +0000  49404 bytes for ./Payload/beresmobile.app/Octicons.ttf
2025-09-21 17:17:03 +0000  copying file ./Payload/beresmobile.app/Feather.ttf ... 
2025-09-21 17:17:03 +0000  56228 bytes for ./Payload/beresmobile.app/Feather.ttf
2025-09-21 17:17:03 +0000  copying file ./Payload/beresmobile.app/beresmobile ... 
2025-09-21 17:17:03 +0000  6747232 bytes for ./Payload/beresmobile.app/beresmobile
2025-09-21 17:17:03 +0000  copying file ./Payload/beresmobile.app/FontAwesome6_Regular.ttf ... 
2025-09-21 17:17:03 +0000  67976 bytes for ./Payload/beresmobile.app/FontAwesome6_Regular.ttf
2025-09-21 17:17:03 +0000  copying file ./Payload/beresmobile.app/Entypo.ttf ... 
2025-09-21 17:17:03 +0000  66200 bytes for ./Payload/beresmobile.app/Entypo.ttf
2025-09-21 17:17:03 +0000  copying file ./Payload/beresmobile.app/RNImagePickerPrivacyInfo.bundle/PrivacyInfo.xcprivacy ... 
2025-09-21 17:17:03 +0000  905 bytes for ./Payload/beresmobile.app/RNImagePickerPrivacyInfo.bundle/PrivacyInfo.xcprivacy
2025-09-21 17:17:03 +0000  copying file ./Payload/beresmobile.app/RNImagePickerPrivacyInfo.bundle/Info.plist ... 
2025-09-21 17:17:03 +0000  791 bytes for ./Payload/beresmobile.app/RNImagePickerPrivacyInfo.bundle/Info.plist
2025-09-21 17:17:03 +0000  copying file ./Payload/beresmobile.app/FontAwesome5_Brands.ttf ... 
2025-09-21 17:17:03 +0000  134040 bytes for ./Payload/beresmobile.app/FontAwesome5_Brands.ttf
2025-09-21 17:17:03 +0000  copying file ./Payload/beresmobile.app/MaterialCommunityIcons.ttf ... 
2025-09-21 17:17:03 +0000  1147844 bytes for ./Payload/beresmobile.app/MaterialCommunityIcons.ttf
2025-09-21 17:17:03 +0000  copying file ./Payload/beresmobile.app/glog_privacy.bundle/Info.plist ... 
2025-09-21 17:17:03 +0000  766 bytes for ./Payload/beresmobile.app/glog_privacy.bundle/Info.plist
2025-09-21 17:17:03 +0000  copying file ./Payload/beresmobile.app/AppIcon60x60@2x.png ... 
2025-09-21 17:17:03 +0000  10096 bytes for ./Payload/beresmobile.app/AppIcon60x60@2x.png
2025-09-21 17:17:03 +0000  copying file ./Payload/beresmobile.app/AntDesign.ttf ... 
2025-09-21 17:17:03 +0000  70344 bytes for ./Payload/beresmobile.app/AntDesign.ttf
2025-09-21 17:17:03 +0000  copying file ./Payload/beresmobile.app/Foundation.ttf ... 
2025-09-21 17:17:03 +0000  56976 bytes for ./Payload/beresmobile.app/Foundation.ttf
2025-09-21 17:17:03 +0000  copying file ./Payload/beresmobile.app/Ionicons.ttf ... 
2025-09-21 17:17:03 +0000  442604 bytes for ./Payload/beresmobile.app/Ionicons.ttf
2025-09-21 17:17:03 +0000  copying file ./Payload/beresmobile.app/FontAwesome5_Solid.ttf ... 
2025-09-21 17:17:03 +0000  202744 bytes for ./Payload/beresmobile.app/FontAwesome5_Solid.ttf
2025-09-21 17:17:03 +0000  copying file ./Payload/beresmobile.app/FontAwesome5_Regular.ttf ... 
2025-09-21 17:17:03 +0000  33736 bytes for ./Payload/beresmobile.app/FontAwesome5_Regular.ttf
2025-09-21 17:17:03 +0000  copying file ./Payload/beresmobile.app/React-cxxreact_privacy.bundle/PrivacyInfo.xcprivacy ... 
2025-09-21 17:17:03 +0000  552 bytes for ./Payload/beresmobile.app/React-cxxreact_privacy.bundle/PrivacyInfo.xcprivacy
2025-09-21 17:17:03 +0000  copying file ./Payload/beresmobile.app/React-cxxreact_privacy.bundle/Info.plist ... 
2025-09-21 17:17:03 +0000  789 bytes for ./Payload/beresmobile.app/React-cxxreact_privacy.bundle/Info.plist
2025-09-21 17:17:03 +0000  copying file ./Payload/beresmobile.app/FontAwesome.ttf ... 
2025-09-21 17:17:03 +0000  165548 bytes for ./Payload/beresmobile.app/FontAwesome.ttf
2025-09-21 17:17:03 +0000  copying file ./Payload/beresmobile.app/Zocial.ttf ... 
2025-09-21 17:17:03 +0000  25788 bytes for ./Payload/beresmobile.app/Zocial.ttf
2025-09-21 17:17:03 +0000  copying file ./Payload/beresmobile.app/RCT-Folly_privacy.bundle/Info.plist ... 
2025-09-21 17:17:03 +0000  783 bytes for ./Payload/beresmobile.app/RCT-Folly_privacy.bundle/Info.plist
2025-09-21 17:17:03 +0000  copying file ./Payload/beresmobile.app/RNPermissionsPrivacyInfo.bundle/PrivacyInfo.xcprivacy ... 
2025-09-21 17:17:03 +0000  598 bytes for ./Payload/beresmobile.app/RNPermissionsPrivacyInfo.bundle/PrivacyInfo.xcprivacy
2025-09-21 17:17:03 +0000  copying file ./Payload/beresmobile.app/RNPermissionsPrivacyInfo.bundle/Info.plist ... 
2025-09-21 17:17:03 +0000  792 bytes for ./Payload/beresmobile.app/RNPermissionsPrivacyInfo.bundle/Info.plist
2025-09-21 17:17:03 +0000  copying file ./Payload/beresmobile.app/Assets.car ... 
2025-09-21 17:17:03 +0000  406991 bytes for ./Payload/beresmobile.app/Assets.car
2025-09-21 17:17:03 +0000  copying file ./Payload/beresmobile.app/EvilIcons.ttf ... 
2025-09-21 17:17:03 +0000  13456 bytes for ./Payload/beresmobile.app/EvilIcons.ttf
2025-09-21 17:17:03 +0000  copying file ./Payload/beresmobile.app/AppIcon76x76@2x~ipad.png ... 
2025-09-21 17:17:03 +0000  14749 bytes for ./Payload/beresmobile.app/AppIcon76x76@2x~ipad.png
2025-09-21 17:17:03 +0000  copying file ./Payload/beresmobile.app/main.jsbundle ... 
2025-09-21 17:17:04 +0000  4687019 bytes for ./Payload/beresmobile.app/main.jsbundle
2025-09-21 17:17:04 +0000  copying file ./Payload/beresmobile.app/FontAwesome6_Solid.ttf ... 
2025-09-21 17:17:04 +0000  423676 bytes for ./Payload/beresmobile.app/FontAwesome6_Solid.ttf
2025-09-21 17:17:04 +0000  copying file ./Payload/beresmobile.app/PrivacyInfo.xcprivacy ... 
2025-09-21 17:17:04 +0000  418 bytes for ./Payload/beresmobile.app/PrivacyInfo.xcprivacy
2025-09-21 17:17:04 +0000  copying file ./Payload/beresmobile.app/LaunchScreen.storyboardc/01J-lp-oVM-view-Ze5-6b-2t3.nib ... 
2025-09-21 17:17:04 +0000  3819 bytes for ./Payload/beresmobile.app/LaunchScreen.storyboardc/01J-lp-oVM-view-Ze5-6b-2t3.nib
2025-09-21 17:17:04 +0000  copying file ./Payload/beresmobile.app/LaunchScreen.storyboardc/UIViewController-01J-lp-oVM.nib ... 
2025-09-21 17:17:04 +0000  924 bytes for ./Payload/beresmobile.app/LaunchScreen.storyboardc/UIViewController-01J-lp-oVM.nib
copying file ./Payload/beresmobile.app/LaunchScreen.storyboardc/Info.plist ... 
2025-09-21 17:17:04 +0000  258 bytes for ./Payload/beresmobile.app/LaunchScreen.storyboardc/Info.plist
2025-09-21 17:17:04 +0000  copying file ./Payload/beresmobile.app/RNSVGFilters.bundle/RNSVGArithmeticFilter.iphoneos.metallib ... 
2025-09-21 17:17:04 +0000  3993 bytes for ./Payload/beresmobile.app/RNSVGFilters.bundle/RNSVGArithmeticFilter.iphoneos.metallib
2025-09-21 17:17:04 +0000  copying file ./Payload/beresmobile.app/RNSVGFilters.bundle/RNSVGCompositeXor.iphoneos.metallib ... 
2025-09-21 17:17:04 +0000  3509 bytes for ./Payload/beresmobile.app/RNSVGFilters.bundle/RNSVGCompositeXor.iphoneos.metallib
2025-09-21 17:17:04 +0000  copying file ./Payload/beresmobile.app/RNSVGFilters.bundle/Info.plist ... 
2025-09-21 17:17:04 +0000  768 bytes for ./Payload/beresmobile.app/RNSVGFilters.bundle/Info.plist
2025-09-21 17:17:04 +0000  copying file ./Payload/beresmobile.app/boost_privacy.bundle/Info.plist ... 
2025-09-21 17:17:04 +0000  769 bytes for ./Payload/beresmobile.app/boost_privacy.bundle/Info.plist
2025-09-21 17:17:04 +0000  copying file ./Payload/beresmobile.app/Frameworks/hermes.framework/_CodeSignature/CodeResources ... 
2025-09-21 17:17:04 +0000  1798 bytes for ./Payload/beresmobile.app/Frameworks/hermes.framework/_CodeSignature/CodeResources
2025-09-21 17:17:04 +0000  copying file ./Payload/beresmobile.app/Frameworks/hermes.framework/hermes ... 
2025-09-21 17:17:04 +0000  4755616 bytes for ./Payload/beresmobile.app/Frameworks/hermes.framework/hermes
2025-09-21 17:17:04 +0000  copying file ./Payload/beresmobile.app/Frameworks/hermes.framework/Info.plist ... 
859 bytes for ./Payload/beresmobile.app/Frameworks/hermes.framework/Info.plist
copying file ./Payload/beresmobile.app/SimpleLineIcons.ttf ... 
2025-09-21 17:17:04 +0000  54056 bytes for ./Payload/beresmobile.app/SimpleLineIcons.ttf
2025-09-21 17:17:04 +0000  copying file ./Payload/beresmobile.app/FontAwesome6_Brands.ttf ... 
2025-09-21 17:17:04 +0000  209376 bytes for ./Payload/beresmobile.app/FontAwesome6_Brands.ttf
2025-09-21 17:17:04 +0000  copying file ./Payload/beresmobile.app/embedded.mobileprovision ... 
2025-09-21 17:17:04 +0000  14399 bytes for ./Payload/beresmobile.app/embedded.mobileprovision
2025-09-21 17:17:04 +0000  copying file ./Payload/beresmobile.app/assets/node_modules/@react-navigation/elements/lib/module/assets/back-icon@3x.png ... 
2025-09-21 17:17:04 +0000  761 bytes for ./Payload/beresmobile.app/assets/node_modules/@react-navigation/elements/lib/module/assets/back-icon@3x.png
2025-09-21 17:17:04 +0000  copying file ./Payload/beresmobile.app/assets/node_modules/@react-navigation/elements/lib/module/assets/back-icon@2x.png ... 
2025-09-21 17:17:04 +0000  405 bytes for ./Payload/beresmobile.app/assets/node_modules/@react-navigation/elements/lib/module/assets/back-icon@2x.png
copying file ./Payload/beresmobile.app/assets/node_modules/@react-navigation/elements/lib/module/assets/search-icon@2x.png ... 
2025-09-21 17:17:04 +0000  589 bytes for ./Payload/beresmobile.app/assets/node_modules/@react-navigation/elements/lib/module/assets/search-icon@2x.png
2025-09-21 17:17:04 +0000  copying file ./Payload/beresmobile.app/assets/node_modules/@react-navigation/elements/lib/module/assets/clear-icon@3x.png ... 
2025-09-21 17:17:04 +0000  502 bytes for ./Payload/beresmobile.app/assets/node_modules/@react-navigation/elements/lib/module/assets/clear-icon@3x.png
copying file ./Payload/beresmobile.app/assets/node_modules/@react-navigation/elements/lib/module/assets/back-icon.png ... 
2025-09-21 17:17:04 +0000  290 bytes for ./Payload/beresmobile.app/assets/node_modules/@react-navigation/elements/lib/module/assets/back-icon.png
2025-09-21 17:17:04 +0000  copying file ./Payload/beresmobile.app/assets/node_modules/@react-navigation/elements/lib/module/assets/clear-icon@2x.png ... 
2025-09-21 17:17:04 +0000  334 bytes for ./Payload/beresmobile.app/assets/node_modules/@react-navigation/elements/lib/module/assets/clear-icon@2x.png
copying file ./Payload/beresmobile.app/assets/node_modules/@react-navigation/elements/lib/module/assets/search-icon@3x.png ... 
2025-09-21 17:17:04 +0000  839 bytes for ./Payload/beresmobile.app/assets/node_modules/@react-navigation/elements/lib/module/assets/search-icon@3x.png
2025-09-21 17:17:04 +0000  copying file ./Payload/beresmobile.app/assets/node_modules/@react-navigation/elements/lib/module/assets/close-icon.png ... 
2025-09-21 17:17:04 +0000  141 bytes for ./Payload/beresmobile.app/assets/node_modules/@react-navigation/elements/lib/module/assets/close-icon.png
copying file ./Payload/beresmobile.app/assets/node_modules/@react-navigation/elements/lib/module/assets/back-icon-mask.png ... 
2025-09-21 17:17:04 +0000  653 bytes for ./Payload/beresmobile.app/assets/node_modules/@react-navigation/elements/lib/module/assets/back-icon-mask.png
copying file ./Payload/beresmobile.app/assets/node_modules/@react-navigation/elements/lib/module/assets/close-icon@2x.png ... 
2025-09-21 17:17:04 +0000  201 bytes for ./Payload/beresmobile.app/assets/node_modules/@react-navigation/elements/lib/module/assets/close-icon@2x.png
2025-09-21 17:17:04 +0000  copying file ./Payload/beresmobile.app/assets/node_modules/@react-navigation/elements/lib/module/assets/close-icon@3x.png ... 
2025-09-21 17:17:04 +0000  266 bytes for ./Payload/beresmobile.app/assets/node_modules/@react-navigation/elements/lib/module/assets/close-icon@3x.png
copying file ./Payload/beresmobile.app/assets/node_modules/@react-navigation/elements/lib/module/assets/clear-icon.png ... 
2025-09-21 17:17:04 +0000  220 bytes for ./Payload/beresmobile.app/assets/node_modules/@react-navigation/elements/lib/module/assets/clear-icon.png
2025-09-21 17:17:04 +0000  copying file ./Payload/beresmobile.app/assets/node_modules/@react-navigation/elements/lib/module/assets/search-icon.png ... 
2025-09-21 17:17:04 +0000  317 bytes for ./Payload/beresmobile.app/assets/node_modules/@react-navigation/elements/lib/module/assets/search-icon.png
2025-09-21 17:17:04 +0000  copying file ./Payload/beresmobile.app/assets/src/assets/logo.png ... 
2025-09-21 17:17:04 +0000  122159 bytes for ./Payload/beresmobile.app/assets/src/assets/logo.png
2025-09-21 17:17:04 +0000  copying file ./Payload/beresmobile.app/Info.plist ... 
2025-09-21 17:17:04 +0000  2047 bytes for ./Payload/beresmobile.app/Info.plist
2025-09-21 17:17:04 +0000  copying file ./Payload/beresmobile.app/RNCAsyncStorage_resources.bundle/PrivacyInfo.xcprivacy ... 
2025-09-21 17:17:04 +0000  512 bytes for ./Payload/beresmobile.app/RNCAsyncStorage_resources.bundle/PrivacyInfo.xcprivacy
2025-09-21 17:17:04 +0000  copying file ./Payload/beresmobile.app/RNCAsyncStorage_resources.bundle/Info.plist ... 
2025-09-21 17:17:04 +0000  794 bytes for ./Payload/beresmobile.app/RNCAsyncStorage_resources.bundle/Info.plist
2025-09-21 17:17:04 +0000  copying file ./Payload/beresmobile.app/PkgInfo ... 
2025-09-21 17:17:04 +0000  8 bytes for ./Payload/beresmobile.app/PkgInfo
copying file ./Payload/beresmobile.app/MaterialIcons.ttf ... 
2025-09-21 17:17:04 +0000  356840 bytes for ./Payload/beresmobile.app/MaterialIcons.ttf
2025-09-21 17:17:04 +0000  copying file ./Payload/beresmobile.app/React-Core_privacy.bundle/PrivacyInfo.xcprivacy ... 
2025-09-21 17:17:04 +0000  768 bytes for ./Payload/beresmobile.app/React-Core_privacy.bundle/PrivacyInfo.xcprivacy
2025-09-21 17:17:04 +0000  copying file ./Payload/beresmobile.app/React-Core_privacy.bundle/Info.plist ... 
2025-09-21 17:17:04 +0000  781 bytes for ./Payload/beresmobile.app/React-Core_privacy.bundle/Info.plist
2025-09-21 17:17:04 +0000  copying file ./Symbols/21777333-EB30-30DB-A2F0-07625FF591A5.symbols ... 
2025-09-21 17:17:04 +0000  30968028 bytes for ./Symbols/21777333-EB30-30DB-A2F0-07625FF591A5.symbols
2025-09-21 17:17:04 +0000  /usr/bin/ditto exited with 0
2025-09-21 17:17:04 +0000  Processing step: IDEDistributionAppStoreInformationStep
2025-09-21 17:17:04 +0000  Skipping step: IDEDistributionAppStoreInformationStep because it said so
2025-09-21 17:17:04 +0000  Processing step: IDEDistributionGenerateProcessedDistributionItems
2025-09-21 17:17:04 +0000  IDEDistributionItem init <DVTFilePath:0x6000a31e79c0:'/var/folders/kz/3sf084j52mb1qz58bzjmwpf40000gn/T/XcodeDistPipeline.~~~3hBYYt/Root/Payload/beresmobile.app/Frameworks/hermes.framework'>
2025-09-21 17:17:04 +0000  IDEDistributionItem init <DVTFilePath:0x60009fe34f00:'/var/folders/kz/3sf084j52mb1qz58bzjmwpf40000gn/T/XcodeDistPipeline.~~~3hBYYt/Root/Payload/beresmobile.app'>
2025-09-21 17:17:04 +0000  Processing step: IDEDistributionCreateManifestStep
2025-09-21 17:17:04 +0000  Skipping step: IDEDistributionCreateManifestStep because it said so
